TN:
SF:C:\Users\AdarshSingh\Documents\on worjink\trivia-quiz-app\src\polyfills.ts
FNF:0
FNH:0
LF:0
LH:0
BRF:0
BRH:0
end_of_record
TN:
SF:C:\Users\AdarshSingh\Documents\on worjink\trivia-quiz-app\src\test.ts
FNF:0
FNH:0
DA:13,1
DA:18,1
DA:20,1
LF:3
LH:3
BRF:0
BRH:0
end_of_record
TN:
SF:C:\Users\AdarshSingh\Documents\on worjink\trivia-quiz-app\src\app\app-routing.module.ts
FN:19,(anonymous_0)
FNF:1
FNH:1
FNDA:1,(anonymous_0)
DA:8,1
DA:19,1
LF:2
LH:2
BRF:0
BRH:0
end_of_record
TN:
SF:C:\Users\AdarshSingh\Documents\on worjink\trivia-quiz-app\src\app\app.component.ts
FN:8,(anonymous_0)
FN:3,AppComponent
FNF:2
FNH:1
FNDA:1,(anonymous_0)
FNDA:0,AppComponent
DA:8,1
DA:9,0
DA:10,1
LF:3
LH:2
BRF:0
BRH:0
end_of_record
TN:
SF:C:\Users\AdarshSingh\Documents\on worjink\trivia-quiz-app\src\app\auth.guard.ts
FN:11,(anonymous_0)
FN:13,AuthGuard
FN:14,(anonymous_2)
FN:23,(anonymous_3)
FNF:4
FNH:1
FNDA:1,(anonymous_0)
FNDA:0,AuthGuard
FNDA:0,(anonymous_2)
FNDA:0,(anonymous_3)
DA:11,1
DA:12,0
DA:13,0
DA:14,1
DA:15,0
DA:16,0
DA:18,0
DA:19,0
DA:20,0
DA:23,1
DA:24,0
DA:29,1
LF:12
LH:4
BRDA:15,0,0,0
BRDA:15,0,1,0
BRF:2
BRH:0
end_of_record
TN:
SF:C:\Users\AdarshSingh\Documents\on worjink\trivia-quiz-app\src\app\link.service.ts
FN:13,(anonymous_0)
FN:17,LinkService
FN:35,(anonymous_2)
FN:38,(anonymous_3)
FN:41,(anonymous_4)
FN:46,(anonymous_5)
FN:50,(anonymous_6)
FN:53,(anonymous_7)
FNF:8
FNH:1
FNDA:1,(anonymous_0)
FNDA:0,LinkService
FNDA:0,(anonymous_2)
FNDA:0,(anonymous_3)
FNDA:0,(anonymous_4)
FNDA:0,(anonymous_5)
FNDA:0,(anonymous_6)
FNDA:0,(anonymous_7)
DA:13,1
DA:14,0
DA:15,0
DA:17,0
DA:35,1
DA:36,0
DA:38,1
DA:39,0
DA:41,1
DA:42,0
DA:43,0
DA:46,1
DA:47,0
DA:50,1
DA:51,0
DA:53,1
DA:54,0
DA:56,1
LF:18
LH:8
BRF:0
BRH:0
end_of_record
TN:
SF:C:\Users\AdarshSingh\Documents\on worjink\trivia-quiz-app\src\app\main\main.component.ts
FN:12,(anonymous_0)
FN:17,MainComponent
FN:28,(anonymous_2)
FN:31,(anonymous_3)
FN:35,(anonymous_4)
FN:40,(anonymous_5)
FN:44,(anonymous_6)
FN:48,(anonymous_7)
FN:53,(anonymous_8)
FN:57,(anonymous_9)
FN:59,(anonymous_10)
FN:64,(anonymous_11)
FN:73,(anonymous_12)
FNF:13
FNH:1
FNDA:1,(anonymous_0)
FNDA:0,MainComponent
FNDA:0,(anonymous_2)
FNDA:0,(anonymous_3)
FNDA:0,(anonymous_4)
FNDA:0,(anonymous_5)
FNDA:0,(anonymous_6)
FNDA:0,(anonymous_7)
FNDA:0,(anonymous_8)
FNDA:0,(anonymous_9)
FNDA:0,(anonymous_10)
FNDA:0,(anonymous_11)
FNDA:0,(anonymous_12)
DA:12,1
DA:13,0
DA:16,0
DA:17,0
DA:18,0
DA:23,0
DA:28,1
DA:29,0
DA:31,1
DA:32,0
DA:33,0
DA:36,0
DA:37,0
DA:38,0
DA:40,0
DA:44,1
DA:45,0
DA:46,0
DA:49,0
DA:50,0
DA:51,0
DA:53,0
DA:57,1
DA:58,0
DA:59,0
DA:60,0
DA:64,1
DA:65,0
DA:73,1
DA:77,1
LF:30
LH:8
BRF:0
BRH:0
end_of_record
TN:
SF:C:\Users\AdarshSingh\Documents\on worjink\trivia-quiz-app\src\app\navbar\data.service.ts
FN:7,(anonymous_0)
FN:12,DataService
FNF:2
FNH:2
FNDA:1,(anonymous_0)
FNDA:2,DataService
DA:7,1
DA:17,2
DA:18,1
LF:3
LH:3
BRF:0
BRH:0
end_of_record
TN:
SF:C:\Users\AdarshSingh\Documents\on worjink\trivia-quiz-app\src\app\navbar\navbar.component.ts
FN:18,(anonymous_0)
FN:58,NavbarComponent
FN:55,(anonymous_2)
FN:66,(anonymous_3)
FN:67,(anonymous_4)
FN:87,(anonymous_5)
FN:88,(anonymous_6)
FN:90,(anonymous_7)
FN:95,(anonymous_8)
FN:60,(anonymous_9)
FN:61,(anonymous_10)
FN:71,(anonymous_11)
FNF:12
FNH:1
FNDA:1,(anonymous_0)
FNDA:0,NavbarComponent
FNDA:0,(anonymous_2)
FNDA:0,(anonymous_3)
FNDA:0,(anonymous_4)
FNDA:0,(anonymous_5)
FNDA:0,(anonymous_6)
FNDA:0,(anonymous_7)
FNDA:0,(anonymous_8)
FNDA:0,(anonymous_9)
FNDA:0,(anonymous_10)
FNDA:0,(anonymous_11)
DA:18,1
DA:19,0
DA:20,0
DA:21,0
DA:22,0
DA:25,0
DA:30,0
DA:40,0
DA:46,0
DA:53,0
DA:55,0
DA:58,0
DA:59,0
DA:60,1
DA:61,0
DA:62,0
DA:63,0
DA:66,0
DA:67,0
DA:68,0
DA:69,0
DA:71,1
DA:72,0
DA:73,0
DA:75,0
DA:76,0
DA:77,0
DA:79,0
DA:80,0
DA:82,0
DA:83,0
DA:84,0
DA:87,0
DA:88,0
DA:90,0
DA:91,0
DA:95,0
DA:96,0
DA:97,0
DA:98,1
LF:40
LH:4
BRDA:72,0,0,0
BRDA:72,0,1,0
BRDA:75,1,0,0
BRDA:75,1,1,0
BRF:4
BRH:0
end_of_record
TN:
SF:C:\Users\AdarshSingh\Documents\on worjink\trivia-quiz-app\src\app\navbar\result\result.component.ts
FN:9,(anonymous_0)
FN:15,ResultComponent
FN:21,(anonymous_2)
FN:22,(anonymous_3)
FN:26,(anonymous_4)
FN:27,(anonymous_5)
FN:17,(anonymous_6)
FNF:7
FNH:1
FNDA:1,(anonymous_0)
FNDA:0,ResultComponent
FNDA:0,(anonymous_2)
FNDA:0,(anonymous_3)
FNDA:0,(anonymous_4)
FNDA:0,(anonymous_5)
FNDA:0,(anonymous_6)
DA:9,1
DA:11,0
DA:12,0
DA:13,0
DA:15,0
DA:17,1
DA:18,0
DA:21,0
DA:22,0
DA:23,0
DA:24,0
DA:26,0
DA:27,0
DA:28,0
DA:29,0
DA:32,1
LF:16
LH:3
BRDA:26,0,0,0
BRDA:26,0,1,0
BRF:2
BRH:0
end_of_record
